<?xml version="1.0" encoding="UTF-8"?>
<!-- Generated by org.testng.reporters.JUnitReportReporter -->
<testsuite hostname="LAPTOP-D30CJVJ8" failures="0" tests="1" name="com.mystore.testcases.TC_MyAccountPageTest" time="1.459" errors="0" timestamp="2023-02-13T01:05:00 IST" skipped="0">
  <testcase classname="com.mystore.testcases.TC_MyAccountPageTest" name="verifyMyAccountRegistration" time="1.459"/>
  <system-out/>
</testsuite> <!-- com.mystore.testcases.TC_MyAccountPageTest -->
